{"/home/felipe/workspace/alura/javascript/lib-nodejs-markdown/index.js": {"path":"/home/felipe/workspace/alura/javascript/lib-nodejs-markdown/index.js","statementMap":{"0":{"start":{"line":1,"column":14},"end":{"line":1,"column":30}},"1":{"start":{"line":2,"column":11},"end":{"line":2,"column":24}},"2":{"start":{"line":3,"column":13},"end":{"line":3,"column":28}},"3":{"start":{"line":7,"column":16},"end":{"line":7,"column":64}},"4":{"start":{"line":9,"column":26},"end":{"line":9,"column":28}},"5":{"start":{"line":11,"column":2},"end":{"line":13,"column":3}},"6":{"start":{"line":12,"column":4},"end":{"line":12,"column":47}},"7":{"start":{"line":14,"column":2},"end":{"line":14,"column":73}},"8":{"start":{"line":18,"column":2},"end":{"line":18,"column":69}},"9":{"start":{"line":24,"column":25},"end":{"line":24,"column":71}},"10":{"start":{"line":25,"column":19},"end":{"line":25,"column":26}},"11":{"start":{"line":26,"column":2},"end":{"line":37,"column":3}},"12":{"start":{"line":27,"column":21},"end":{"line":27,"column":76}},"13":{"start":{"line":28,"column":19},"end":{"line":33,"column":7}},"14":{"start":{"line":29,"column":27},"end":{"line":29,"column":57}},"15":{"start":{"line":30,"column":20},"end":{"line":30,"column":70}},"16":{"start":{"line":32,"column":6},"end":{"line":32,"column":31}},"17":{"start":{"line":34,"column":4},"end":{"line":34,"column":20}},"18":{"start":{"line":36,"column":4},"end":{"line":36,"column":26}},"19":{"start":{"line":50,"column":19},"end":{"line":50,"column":26}},"20":{"start":{"line":51,"column":2},"end":{"line":56,"column":3}},"21":{"start":{"line":52,"column":18},"end":{"line":52,"column":72}},"22":{"start":{"line":53,"column":4},"end":{"line":53,"column":29}},"23":{"start":{"line":55,"column":4},"end":{"line":55,"column":26}},"24":{"start":{"line":90,"column":0},"end":{"line":90,"column":46}}},"fnMap":{"0":{"name":"extraiLinks","decl":{"start":{"line":6,"column":9},"end":{"line":6,"column":20}},"loc":{"start":{"line":6,"column":28},"end":{"line":15,"column":1}},"line":6},"1":{"name":"trataErro","decl":{"start":{"line":17,"column":9},"end":{"line":17,"column":18}},"loc":{"start":{"line":17,"column":25},"end":{"line":19,"column":1}},"line":17},"2":{"name":"pegaArquivo","decl":{"start":{"line":23,"column":15},"end":{"line":23,"column":26}},"loc":{"start":{"line":23,"column":45},"end":{"line":47,"column":1}},"line":23},"3":{"name":"(anonymous_3)","decl":{"start":{"line":28,"column":50},"end":{"line":28,"column":51}},"loc":{"start":{"line":28,"column":69},"end":{"line":33,"column":5}},"line":28},"4":{"name":"pegaArquivoTs","decl":{"start":{"line":49,"column":15},"end":{"line":49,"column":28}},"loc":{"start":{"line":49,"column":47},"end":{"line":66,"column":1}},"line":49}},"branchMap":{"0":{"loc":{"start":{"line":14,"column":9},"end":{"line":14,"column":72}},"type":"cond-expr","locations":[{"start":{"line":14,"column":40},"end":{"line":14,"column":54}},{"start":{"line":14,"column":57},"end":{"line":14,"column":72}}],"line":14}},"s":{"0":1,"1":1,"2":1,"3":2,"4":2,"5":2,"6":1,"7":2,"8":0,"9":0,"10":0,"11":0,"12":0,"13":0,"14":0,"15":0,"16":0,"17":0,"18":0,"19":2,"20":2,"21":2,"22":2,"23":0,"24":1},"f":{"0":2,"1":0,"2":0,"3":0,"4":2},"b":{"0":[1,1]},"_coverageSchema":"1a1c01bbd47fc00a2c39e90264f33305004495a9","hash":"51c92d777f8f6a250420cdf46504707c100b5de6"}
}
